{"numTotalTestSuites":64,"numPassedTestSuites":64,"numFailedTestSuites":0,"numPendingTestSuites":0,"numTotalTests":208,"numPassedTests":208,"numFailedTests":0,"numPendingTests":0,"numTodoTests":0,"snapshot":{"added":0,"failure":false,"filesAdded":0,"filesRemoved":0,"filesRemovedList":[],"filesUnmatched":0,"filesUpdated":0,"matched":0,"total":0,"unchecked":0,"uncheckedKeysByFile":[],"unmatched":0,"updated":0,"didUpdate":false},"startTime":1784914094155,"success":true,"testResults":[{"assertionResults":[{"ancestorTitles":["audit-log message formatting (P13)","logRulesUpdate"],"fullName":"audit-log message formatting (P13) logRulesUpdate action=created → text contains \"created\" and the rule name","status":"passed","title":"action=created → text contains \"created\" and the rule name","duration":2.49670500000002,"failureMessages":[],"meta":{},"tags":[]},{"ancestorTitles":["audit-log message formatting (P13)","logRulesUpdate"],"fullName":"audit-log message formatting (P13) logRulesUpdate action=updated → text contains \"updated\" and \"changes=\"","status":"passed","title":"action=updated → text contains \"updated\" and \"changes=\"","duration":0.4375349999999685,"failureMessages":[],"meta":{},"tags":[]},{"ancestorTitles":["audit-log message formatting (P13)","logRulesUpdate"],"fullName":"audit-log message formatting (P13) logRulesUpdate action=deleted → text contains \"deleted\" and \"id=\"","status":"passed","title":"action=deleted → text contains \"deleted\" and \"id=\"","duration":0.22413399999999228,"failureMessages":[],"meta":{},"tags":[]},{"ancestorTitles":["audit-log message formatting (P13)","logRulesUpdate"],"fullName":"audit-log message formatting (P13) logRulesUpdate rejects the legacy threshold-only signature shape (regression guard)","status":"passed","title":"rejects the legacy threshold-only signature shape (regression guard)","duration":0.3816159999999513,"failureMessages":[],"meta":{},"tags":[]},{"ancestorTitles":["audit-log message formatting (P13)","logExport"],"fullName":"audit-log message formatting (P13) logExport text contains \"exported\" and the format","status":"passed","title":"text contains \"exported\" and the format","duration":0.37645199999997203,"failureMessages":[],"meta":{},"tags":[]},{"ancestorTitles":["audit-log message formatting (P13)","logExport"],"fullName":"audit-log message formatting (P13) logExport preserves JSON format string","status":"passed","title":"preserves JSON format string","duration":0.1630739999999946,"failureMessages":[],"meta":{},"tags":[]},{"ancestorTitles":["audit-log message formatting (P13)","logResolve"],"fullName":"audit-log message formatting (P13) logResolve action=Corrected → text contains old and new values","status":"passed","title":"action=Corrected → text contains old and new values","duration":0.6752379999999789,"failureMessages":[],"meta":{},"tags":[]},{"ancestorTitles":["audit-log message formatting (P13)","logResolve"],"fullName":"audit-log message formatting (P13) logResolve action=Accepted → text contains \"Accepted\"","status":"passed","title":"action=Accepted → text contains \"Accepted\"","duration":0.26450999999997293,"failureMessages":[],"meta":{},"tags":[]},{"ancestorTitles":["audit-log message formatting (P13)","logResolve"],"fullName":"audit-log message formatting (P13) logResolve action=Rejected → text contains \"Rejected\"","status":"passed","title":"action=Rejected → text contains \"Rejected\"","duration":0.34863699999999653,"failureMessages":[],"meta":{},"tags":[]},{"ancestorTitles":["audit-log message formatting (P13)","logUpload"],"fullName":"audit-log message formatting (P13) logUpload text contains file name and a human-readable size","status":"passed","title":"text contains file name and a human-readable size","duration":0.47432900000001155,"failureMessages":[],"meta":{},"tags":[]},{"ancestorTitles":["audit-log message formatting (P13)","logUpload"],"fullName":"audit-log message formatting (P13) logUpload formats small files as plain bytes","status":"passed","title":"formats small files as plain bytes","duration":0.17055499999997892,"failureMessages":[],"meta":{},"tags":[]},{"ancestorTitles":["audit-log message formatting (P13)","logExtraction"],"fullName":"audit-log message formatting (P13) logExtraction text contains field count and model","status":"passed","title":"text contains field count and model","duration":0.1860810000000015,"failureMessages":[],"meta":{},"tags":[]},{"ancestorTitles":["audit-log message formatting (P13)","logExtraction"],"fullName":"audit-log message formatting (P13) logExtraction uses singular \"field\" when count is 1","status":"passed","title":"uses singular \"field\" when count is 1","duration":0.2068270000000325,"failureMessages":[],"meta":{},"tags":[]},{"ancestorTitles":["audit-log message formatting (P13)","logDelete"],"fullName":"audit-log message formatting (P13) logDelete text contains shipment ID","status":"passed","title":"text contains shipment ID","duration":0.3274470000000065,"failureMessages":[],"meta":{},"tags":[]},{"ancestorTitles":["audit-log message formatting (P13)","insert contract"],"fullName":"audit-log message formatting (P13) insert contract every helper writes a single audit_logs row with type+timestamp","status":"passed","title":"every helper writes a single audit_logs row with type+timestamp","duration":1.1857219999999984,"failureMessages":[],"meta":{},"tags":[]}],"startTime":1784914097230,"endTime":1784914097239.1858,"status":"passed","message":"","name":"/home/z/my-project/tests/unit-pure/01-audit-log-formatting.test.ts"},{"assertionResults":[{"ancestorTitles":["shipment.validator (P13)","createShipmentSchema"],"fullName":"shipment.validator (P13) createShipmentSchema accepts a valid minimal shipment payload","status":"passed","title":"accepts a valid minimal shipment payload","duration":2.850811999999962,"failureMessages":[],"meta":{},"tags":[]},{"ancestorTitles":["shipment.validator (P13)","createShipmentSchema"],"fullName":"shipment.validator (P13) createShipmentSchema accepts a full payload with all fields","status":"passed","title":"accepts a full payload with all fields","duration":0.5608359999999948,"failureMessages":[],"meta":{},"tags":[]},{"ancestorTitles":["shipment.validator (P13)","createShipmentSchema"],"fullName":"shipment.validator (P13) createShipmentSchema rejects missing required shipper field","status":"passed","title":"rejects missing required shipper field","duration":1.225129000000038,"failureMessages":[],"meta":{},"tags":[]},{"ancestorTitles":["shipment.validator (P13)","createShipmentSchema"],"fullName":"shipment.validator (P13) createShipmentSchema rejects missing required consignee field","status":"passed","title":"rejects missing required consignee field","duration":0.5750290000000291,"failureMessages":[],"meta":{},"tags":[]},{"ancestorTitles":["shipment.validator (P13)","createShipmentSchema"],"fullName":"shipment.validator (P13) createShipmentSchema rejects empty-string shipper","status":"passed","title":"rejects empty-string shipper","duration":0.34283700000003137,"failureMessages":[],"meta":{},"tags":[]},{"ancestorTitles":["shipment.validator (P13)","createShipmentSchema"],"fullName":"shipment.validator (P13) createShipmentSchema rejects negative docsCount","status":"passed","title":"rejects negative docsCount","duration":0.35197900000002846,"failureMessages":[],"meta":{},"tags":[]},{"ancestorTitles":["shipment.validator (P13)","createShipmentSchema"],"fullName":"shipment.validator (P13) createShipmentSchema rejects docsCount above 100","status":"passed","title":"rejects docsCount above 100","duration":0.28496699999999464,"failureMessages":[],"meta":{},"tags":[]},{"ancestorTitles":["shipment.validator (P13)","createShipmentSchema"],"fullName":"shipment.validator (P13) createShipmentSchema rejects non-integer docsCount","status":"passed","title":"rejects non-integer docsCount","duration":0.2683359999999766,"failureMessages":[],"meta":{},"tags":[]},{"ancestorTitles":["shipment.validator (P13)","updateShipmentSchema — status"],"fullName":"shipment.validator (P13) updateShipmentSchema — status accepts status=\"Under Review\"","status":"passed","title":"accepts status=\"Under Review\"","duration":1.1401200000000244,"failureMessages":[],"meta":{},"tags":[]},{"ancestorTitles":["shipment.validator (P13)","updateShipmentSchema — status"],"fullName":"shipment.validator (P13) updateShipmentSchema — status accepts status=\"Approved\"","status":"passed","title":"accepts status=\"Approved\"","duration":0.23233199999998533,"failureMessages":[],"meta":{},"tags":[]},{"ancestorTitles":["shipment.validator (P13)","updateShipmentSchema — status"],"fullName":"shipment.validator (P13) updateShipmentSchema — status accepts status=\"Exported\"","status":"passed","title":"accepts status=\"Exported\"","duration":0.20535200000000486,"failureMessages":[],"meta":{},"tags":[]},{"ancestorTitles":["shipment.validator (P13)","updateShipmentSchema — status"],"fullName":"shipment.validator (P13) updateShipmentSchema — status rejects invalid status","status":"passed","title":"rejects invalid status","duration":0.32394100000004755,"failureMessages":[],"meta":{},"tags":[]},{"ancestorTitles":["shipment.validator (P13)","updateShipmentSchema — status"],"fullName":"shipment.validator (P13) updateShipmentSchema — status rejects empty-string status","status":"passed","title":"rejects empty-string status","duration":0.1482560000000035,"failureMessages":[],"meta":{},"tags":[]},{"ancestorTitles":["shipment.validator (P13)","updateShipmentSchema — status"],"fullName":"shipment.validator (P13) updateShipmentSchema — status accepts omitted status (optional)","status":"passed","title":"accepts omitted status (optional)","duration":0.21647100000001274,"failureMessages":[],"meta":{},"tags":[]},{"ancestorTitles":["shipment.validator (P13)","updateShipmentSchema — validation_status"],"fullName":"shipment.validator (P13) updateShipmentSchema — validation_status accepts validation_status=\"pending\"","status":"passed","title":"accepts validation_status=\"pending\"","duration":0.39831700000002,"failureMessages":[],"meta":{},"tags":[]},{"ancestorTitles":["shipment.validator (P13)","updateShipmentSchema — validation_status"],"fullName":"shipment.validator (P13) updateShipmentSchema — validation_status accepts validation_status=\"running\"","status":"passed","title":"accepts validation_status=\"running\"","duration":0.1107780000000389,"failureMessages":[],"meta":{},"tags":[]},{"ancestorTitles":["shipment.validator (P13)","updateShipmentSchema — validation_status"],"fullName":"shipment.validator (P13) updateShipmentSchema — validation_status accepts validation_status=\"completed\"","status":"passed","title":"accepts validation_status=\"completed\"","duration":0.4324569999999994,"failureMessages":[],"meta":{},"tags":[]},{"ancestorTitles":["shipment.validator (P13)","updateShipmentSchema — validation_status"],"fullName":"shipment.validator (P13) updateShipmentSchema — validation_status accepts validation_status=\"failed\"","status":"passed","title":"accepts validation_status=\"failed\"","duration":0.1282380000000103,"failureMessages":[],"meta":{},"tags":[]},{"ancestorTitles":["shipment.validator (P13)","updateShipmentSchema — validation_status"],"fullName":"shipment.validator (P13) updateShipmentSchema — validation_status accepts validation_status=\"degraded\"","status":"passed","title":"accepts validation_status=\"degraded\"","duration":0.0981890000000476,"failureMessages":[],"meta":{},"tags":[]},{"ancestorTitles":["shipment.validator (P13)","updateShipmentSchema — validation_status"],"fullName":"shipment.validator (P13) updateShipmentSchema — validation_status rejects invalid validation_status","status":"passed","title":"rejects invalid validation_status","duration":0.4185820000000149,"failureMessages":[],"meta":{},"tags":[]},{"ancestorTitles":["shipment.validator (P13)","updateShipmentSchema — validation_status"],"fullName":"shipment.validator (P13) updateShipmentSchema — validation_status rejects capitalized \"Pending\" (enum is lowercase)","status":"passed","title":"rejects capitalized \"Pending\" (enum is lowercase)","duration":0.22009600000001228,"failureMessages":[],"meta":{},"tags":[]},{"ancestorTitles":["shipment.validator (P13)","updateShipmentSchema — validation_status"],"fullName":"shipment.validator (P13) updateShipmentSchema — validation_status rejects \"succeeded\" (not in enum)","status":"passed","title":"rejects \"succeeded\" (not in enum)","duration":0.1319979999999532,"failureMessages":[],"meta":{},"tags":[]},{"ancestorTitles":["shipment.validator (P13)","updateShipmentSchema — optional fields"],"fullName":"shipment.validator (P13) updateShipmentSchema — optional fields accepts empty object (everything optional)","status":"passed","title":"accepts empty object (everything optional)","duration":0.10373600000002625,"failureMessages":[],"meta":{},"tags":[]},{"ancestorTitles":["shipment.validator (P13)","updateShipmentSchema — optional fields"],"fullName":"shipment.validator (P13) updateShipmentSchema — optional fields accepts shipper + consignee patch","status":"passed","title":"accepts shipper + consignee patch","duration":0.1336029999999937,"failureMessages":[],"meta":{},"tags":[]},{"ancestorTitles":["shipment.validator (P13)","updateShipmentSchema — optional fields"],"fullName":"shipment.validator (P13) updateShipmentSchema — optional fields rejects empty-string shipper (min(1) on optional too)","status":"passed","title":"rejects empty-string shipper (min(1) on optional too)","duration":0.1776890000000435,"failureMessages":[],"meta":{},"tags":[]},{"ancestorTitles":["shipment.validator (P13)","updateShipmentSchema — optional fields"],"fullName":"shipment.validator (P13) updateShipmentSchema — optional fields accepts last_validated_at as ISO string","status":"passed","title":"accepts last_validated_at as ISO string","duration":0.09436799999997447,"failureMessages":[],"meta":{},"tags":[]},{"ancestorTitles":["shipment.validator (P13)","updateShipmentSchema — optional fields"],"fullName":"shipment.validator (P13) updateShipmentSchema — optional fields accepts pipeline_trace_id","status":"passed","title":"accepts pipeline_trace_id","duration":0.08983599999999115,"failureMessages":[],"meta":{},"tags":[]},{"ancestorTitles":["shipment.validator (P13)","updateShipmentSchema — optional fields"],"fullName":"shipment.validator (P13) updateShipmentSchema — optional fields rejects urgency string longer than 50 chars","status":"passed","title":"rejects urgency string longer than 50 chars","duration":0.14914599999997336,"failureMessages":[],"meta":{},"tags":[]}],"startTime":1784914096823,"endTime":1784914096835.1492,"status":"passed","message":"","name":"/home/z/my-project/tests/unit-pure/02-shipment-validator.test.ts"},{"assertionResults":[{"ancestorTitles":["mapping/transform (P13)","null / null-transform guards"],"fullName":"mapping/transform (P13) null / null-transform guards returns original value when transform is null","status":"passed","title":"returns original value when transform is null","duration":1.611662000000024,"failureMessages":[],"meta":{},"tags":[]},{"ancestorTitles":["mapping/transform (P13)","null / null-transform guards"],"fullName":"mapping/transform (P13) null / null-transform guards returns original value when transform is undefined","status":"passed","title":"returns original value when transform is undefined","duration":0.18339800000001105,"failureMessages":[],"meta":{},"tags":[]},{"ancestorTitles":["mapping/transform (P13)","null / null-transform guards"],"fullName":"mapping/transform (P13) null / null-transform guards returns original value when transform has no type","status":"passed","title":"returns original value when transform has no type","duration":0.12084600000002865,"failureMessages":[],"meta":{},"tags":[]},{"ancestorTitles":["mapping/transform (P13)","null / null-transform guards"],"fullName":"mapping/transform (P13) null / null-transform guards returns \"\" for null input value","status":"passed","title":"returns \"\" for null input value","duration":0.14961400000004232,"failureMessages":[],"meta":{},"tags":[]},{"ancestorTitles":["mapping/transform (P13)","null / null-transform guards"],"fullName":"mapping/transform (P13) null / null-transform guards returns \"\" for undefined input value","status":"passed","title":"returns \"\" for undefined input value","duration":0.12264800000002651,"failureMessages":[],"meta":{},"tags":[]},{"ancestorTitles":["mapping/transform (P13)","null / null-transform guards"],"fullName":"mapping/transform (P13) null / null-transform guards returns original value for unknown transform type (default branch)","status":"passed","title":"returns original value for unknown transform type (default branch)","duration":0.10193800000001829,"failureMessages":[],"meta":{},"tags":[]},{"ancestorTitles":["mapping/transform (P13)","date_format"],"fullName":"mapping/transform (P13) date_format converts YYYY-MM-DD → MM/DD/YYYY","status":"passed","title":"converts YYYY-MM-DD → MM/DD/YYYY","duration":0.39526499999999487,"failureMessages":[],"meta":{},"tags":[]},{"ancestorTitles":["mapping/transform (P13)","date_format"],"fullName":"mapping/transform (P13) date_format converts MM/DD/YYYY → YYYY-MM-DD","status":"passed","title":"converts MM/DD/YYYY → YYYY-MM-DD","duration":0.22162500000001728,"failureMessages":[],"meta":{},"tags":[]},{"ancestorTitles":["mapping/transform (P13)","date_format"],"fullName":"mapping/transform (P13) date_format converts DD.MM.YYYY → YYYY-MM-DD (European → ISO)","status":"passed","title":"converts DD.MM.YYYY → YYYY-MM-DD (European → ISO)","duration":0.6061580000000504,"failureMessages":[],"meta":{},"tags":[]},{"ancestorTitles":["mapping/transform (P13)","date_format"],"fullName":"mapping/transform (P13) date_format returns original value when source format does not match","status":"passed","title":"returns original value when source format does not match","duration":0.25896399999999176,"failureMessages":[],"meta":{},"tags":[]},{"ancestorTitles":["mapping/transform (P13)","date_format"],"fullName":"mapping/transform (P13) date_format uses default from=YYYY-MM-DD to=MM/DD/YYYY when not specified","status":"passed","title":"uses default from=YYYY-MM-DD to=MM/DD/YYYY when not specified","duration":0.1949329999999918,"failureMessages":[],"meta":{},"tags":[]},{"ancestorTitles":["mapping/transform (P13)","round"],"fullName":"mapping/transform (P13) round rounds a plain numeric string to 2 decimals (default)","status":"passed","title":"rounds a plain numeric string to 2 decimals (default)","duration":0.14315299999998388,"failureMessages":[],"meta":{},"tags":[]},{"ancestorTitles":["mapping/transform (P13)","round"],"fullName":"mapping/transform (P13) round rounds to 0 decimals when decimals=0","status":"passed","title":"rounds to 0 decimals when decimals=0","duration":0.07077699999996412,"failureMessages":[],"meta":{},"tags":[]},{"ancestorTitles":["mapping/transform (P13)","round"],"fullName":"mapping/transform (P13) round strips currency symbols and commas before rounding","status":"passed","title":"strips currency symbols and commas before rounding","duration":0.05672999999995909,"failureMessages":[],"meta":{},"tags":[]},{"ancestorTitles":["mapping/transform (P13)","round"],"fullName":"mapping/transform (P13) round preserves negative numbers","status":"passed","title":"preserves negative numbers","duration":0.06844599999999446,"failureMessages":[],"meta":{},"tags":[]},{"ancestorTitles":["mapping/transform (P13)","round"],"fullName":"mapping/transform (P13) round returns original value when input is non-numeric","status":"passed","title":"returns original value when input is non-numeric","duration":0.050186999999993986,"failureMessages":[],"meta":{},"tags":[]},{"ancestorTitles":["mapping/transform (P13)","concat"],"fullName":"mapping/transform (P13) concat prepends prefix and appends suffix","status":"passed","title":"prepends prefix and appends suffix","duration":0.09353299999997944,"failureMessages":[],"meta":{},"tags":[]},{"ancestorTitles":["mapping/transform (P13)","concat"],"fullName":"mapping/transform (P13) concat with empty prefix/suffix returns original","status":"passed","title":"with empty prefix/suffix returns original","duration":0.051842000000021926,"failureMessages":[],"meta":{},"tags":[]},{"ancestorTitles":["mapping/transform (P13)","concat"],"fullName":"mapping/transform (P13) concat only prefix when suffix omitted","status":"passed","title":"only prefix when suffix omitted","duration":0.14402300000000423,"failureMessages":[],"meta":{},"tags":[]},{"ancestorTitles":["mapping/transform (P13)","lookup_table"],"fullName":"mapping/transform (P13) lookup_table maps a known key (case-insensitive, trimmed)","status":"passed","title":"maps a known key (case-insensitive, trimmed)","duration":0.10016800000005333,"failureMessages":[],"meta":{},"tags":[]},{"ancestorTitles":["mapping/transform (P13)","lookup_table"],"fullName":"mapping/transform (P13) lookup_table returns original value for unknown key","status":"passed","title":"returns original value for unknown key","duration":0.058785999999997784,"failureMessages":[],"meta":{},"tags":[]},{"ancestorTitles":["mapping/transform (P13)","lookup_table"],"fullName":"mapping/transform (P13) lookup_table falls back to original-case exact match if normalized lookup misses","status":"passed","title":"falls back to original-case exact match if normalized lookup misses","duration":0.3075629999999592,"failureMessages":[],"meta":{},"tags":[]},{"ancestorTitles":["mapping/transform (P13)","currency_convert"],"fullName":"mapping/transform (P13) currency_convert strips existing symbol and prefixes target symbol (USD)","status":"passed","title":"strips existing symbol and prefixes target symbol (USD)","duration":0.5669709999999668,"failureMessages":[],"meta":{},"tags":[]},{"ancestorTitles":["mapping/transform (P13)","currency_convert"],"fullName":"mapping/transform (P13) currency_convert prefixes € for EUR target","status":"passed","title":"prefixes € for EUR target","duration":0.1901470000000245,"failureMessages":[],"meta":{},"tags":[]},{"ancestorTitles":["mapping/transform (P13)","currency_convert"],"fullName":"mapping/transform (P13) currency_convert prefixes £ for GBP target","status":"passed","title":"prefixes £ for GBP target","duration":0.07189699999997856,"failureMessages":[],"meta":{},"tags":[]},{"ancestorTitles":["mapping/transform (P13)","currency_convert"],"fullName":"mapping/transform (P13) currency_convert prefixes ¥ for JPY target","status":"passed","title":"prefixes ¥ for JPY target","duration":0.051393000000018674,"failureMessages":[],"meta":{},"tags":[]},{"ancestorTitles":["mapping/transform (P13)","currency_convert"],"fullName":"mapping/transform (P13) currency_convert falls back to $ when target currency unknown","status":"passed","title":"falls back to $ when target currency unknown","duration":0.07008600000000342,"failureMessages":[],"meta":{},"tags":[]},{"ancestorTitles":["mapping/transform (P13)","uppercase / lowercase / trim"],"fullName":"mapping/transform (P13) uppercase / lowercase / trim uppercase: converts to upper case","status":"passed","title":"uppercase: converts to upper case","duration":0.08145999999999276,"failureMessages":[],"meta":{},"tags":[]},{"ancestorTitles":["mapping/transform (P13)","uppercase / lowercase / trim"],"fullName":"mapping/transform (P13) uppercase / lowercase / trim lowercase: converts to lower case","status":"passed","title":"lowercase: converts to lower case","duration":0.05209300000001349,"failureMessages":[],"meta":{},"tags":[]},{"ancestorTitles":["mapping/transform (P13)","uppercase / lowercase / trim"],"fullName":"mapping/transform (P13) uppercase / lowercase / trim trim: strips whitespace from both ends","status":"passed","title":"trim: strips whitespace from both ends","duration":0.04693299999996725,"failureMessages":[],"meta":{},"tags":[]},{"ancestorTitles":["mapping/transform (P13)","applyTransforms (chained)"],"fullName":"mapping/transform (P13) applyTransforms (chained) applies multiple transforms in order","status":"passed","title":"applies multiple transforms in order","duration":0.1235590000000002,"failureMessages":[],"meta":{},"tags":[]},{"ancestorTitles":["mapping/transform (P13)","applyTransforms (chained)"],"fullName":"mapping/transform (P13) applyTransforms (chained) returns original value when transforms is null","status":"passed","title":"returns original value when transforms is null","duration":0.052682000000004336,"failureMessages":[],"meta":{},"tags":[]},{"ancestorTitles":["mapping/transform (P13)","applyTransforms (chained)"],"fullName":"mapping/transform (P13) applyTransforms (chained) returns original value when transforms is undefined","status":"passed","title":"returns original value when transforms is undefined","duration":0.04349700000000212,"failureMessages":[],"meta":{},"tags":[]},{"ancestorTitles":["mapping/transform (P13)","applyTransforms (chained)"],"fullName":"mapping/transform (P13) applyTransforms (chained) returns original value when transforms is not an array","status":"passed","title":"returns original value when transforms is not an array","duration":0.04531399999996211,"failureMessages":[],"meta":{},"tags":[]},{"ancestorTitles":["mapping/transform (P13)","applyTransforms (chained)"],"fullName":"mapping/transform (P13) applyTransforms (chained) returns original value for empty transforms array","status":"passed","title":"returns original value for empty transforms array","duration":0.04674600000004148,"failureMessages":[],"meta":{},"tags":[]},{"ancestorTitles":["mapping/transform (P13)","applyTransforms (chained)"],"fullName":"mapping/transform (P13) applyTransforms (chained) chain: round then currency_convert","status":"passed","title":"chain: round then currency_convert","duration":0.07371499999999287,"failureMessages":[],"meta":{},"tags":[]},{"ancestorTitles":["mapping/transform (P13)","failure isolation"],"fullName":"mapping/transform (P13) failure isolation returns original value when a transform throws (caught)","status":"passed","title":"returns original value when a transform throws (caught)","duration":0.12135299999999916,"failureMessages":[],"meta":{},"tags":[]}],"startTime":1784914097522,"endTime":1784914097530.1213,"status":"passed","message":"","name":"/home/z/my-project/tests/unit-pure/03-mapping-transform.test.ts"},{"assertionResults":[{"ancestorTitles":["rules/engine (P13)","confidence_threshold"],"fullName":"rules/engine (P13) confidence_threshold passes when field.confidence >= min_confidence","status":"passed","title":"passes when field.confidence >= min_confidence","duration":2.5787140000000193,"failureMessages":[],"meta":{},"tags":[]},{"ancestorTitles":["rules/engine (P13)","confidence_threshold"],"fullName":"rules/engine (P13) confidence_threshold fails when field.confidence < min_confidence","status":"passed","title":"fails when field.confidence < min_confidence","duration":0.4037720000000036,"failureMessages":[],"meta":{},"tags":[]},{"ancestorTitles":["rules/engine (P13)","confidence_threshold"],"fullName":"rules/engine (P13) confidence_threshold passes when min_confidence is 0 (unset / default)","status":"passed","title":"passes when min_confidence is 0 (unset / default)","duration":0.2615990000000181,"failureMessages":[],"meta":{},"tags":[]},{"ancestorTitles":["rules/engine (P13)","confidence_threshold"],"fullName":"rules/engine (P13) confidence_threshold uses corrected_value-bearing field but still evaluates confidence","status":"passed","title":"uses corrected_value-bearing field but still evaluates confidence","duration":0.25592100000000073,"failureMessages":[],"meta":{},"tags":[]},{"ancestorTitles":["rules/engine (P13)","required_field"],"fullName":"rules/engine (P13) required_field fails when the field is entirely missing from the document","status":"passed","title":"fails when the field is entirely missing from the document","duration":0.37304399999999305,"failureMessages":[],"meta":{},"tags":[]},{"ancestorTitles":["rules/engine (P13)","required_field"],"fullName":"rules/engine (P13) required_field passes when the field is present with a non-empty value","status":"passed","title":"passes when the field is present with a non-empty value","duration":0.13778200000001561,"failureMessages":[],"meta":{},"tags":[]},{"ancestorTitles":["rules/engine (P13)","required_field"],"fullName":"rules/engine (P13) required_field fails when the field is present but value is empty","status":"passed","title":"fails when the field is present but value is empty","duration":0.4416480000000149,"failureMessages":[],"meta":{},"tags":[]},{"ancestorTitles":["rules/engine (P13)","required_field"],"fullName":"rules/engine (P13) required_field uses corrected_value when extracted_value is empty","status":"passed","title":"uses corrected_value when extracted_value is empty","duration":0.5907300000000077,"failureMessages":[],"meta":{},"tags":[]},{"ancestorTitles":["rules/engine (P13)","regex_format"],"fullName":"rules/engine (P13) regex_format passes when value matches the pattern","status":"passed","title":"passes when value matches the pattern","duration":22.600067999999993,"failureMessages":[],"meta":{},"tags":[]},{"ancestorTitles":["rules/engine (P13)","regex_format"],"fullName":"rules/engine (P13) regex_format fails when value does NOT match the pattern","status":"passed","title":"fails when value does NOT match the pattern","duration":0.3261100000000283,"failureMessages":[],"meta":{},"tags":[]},{"ancestorTitles":["rules/engine (P13)","regex_format"],"fullName":"rules/engine (P13) regex_format passes when value is empty (required_field handles missing)","status":"passed","title":"passes when value is empty (required_field handles missing)","duration":0.255849000000012,"failureMessages":[],"meta":{},"tags":[]},{"ancestorTitles":["rules/engine (P13)","regex_format"],"fullName":"rules/engine (P13) regex_format passes when pattern config is missing (no-op)","status":"passed","title":"passes when pattern config is missing (no-op)","duration":0.10086700000005067,"failureMessages":[],"meta":{},"tags":[]},{"ancestorTitles":["rules/engine (P13)","regex_format"],"fullName":"rules/engine (P13) regex_format passes when the pattern is an invalid regex (does not block)","status":"passed","title":"passes when the pattern is an invalid regex (does not block)","duration":0.10451199999999972,"failureMessages":[],"meta":{},"tags":[]},{"ancestorTitles":["rules/engine (P13)","math_check","greater_than_zero"],"fullName":"rules/engine (P13) math_check greater_than_zero passes for a positive value","status":"passed","title":"passes for a positive value","duration":0.15034199999996645,"failureMessages":[],"meta":{},"tags":[]},{"ancestorTitles":["rules/engine (P13)","math_check","greater_than_zero"],"fullName":"rules/engine (P13) math_check greater_than_zero fails for zero","status":"passed","title":"fails for zero","duration":0.07381499999996777,"failureMessages":[],"meta":{},"tags":[]},{"ancestorTitles":["rules/engine (P13)","math_check","greater_than_zero"],"fullName":"rules/engine (P13) math_check greater_than_zero fails for a negative value","status":"passed","title":"fails for a negative value","duration":0.06444999999996526,"failureMessages":[],"meta":{},"tags":[]},{"ancestorTitles":["rules/engine (P13)","math_check","greater_than_zero"],"fullName":"rules/engine (P13) math_check greater_than_zero fails for non-numeric text","status":"passed","title":"fails for non-numeric text","duration":0.06604599999997163,"failureMessages":[],"meta":{},"tags":[]},{"ancestorTitles":["rules/engine (P13)","math_check","gross_gte_net"],"fullName":"rules/engine (P13) math_check gross_gte_net passes when gross >= net (both in kg)","status":"passed","title":"passes when gross >= net (both in kg)","duration":0.46497300000004316,"failureMessages":[],"meta":{},"tags":[]},{"ancestorTitles":["rules/engine (P13)","math_check","gross_gte_net"],"fullName":"rules/engine (P13) math_check gross_gte_net fails when gross < net","status":"passed","title":"fails when gross < net","duration":0.16840400000000955,"failureMessages":[],"meta":{},"tags":[]},{"ancestorTitles":["rules/engine (P13)","math_check","gross_gte_net"],"fullName":"rules/engine (P13) math_check gross_gte_net passes when gross = net (boundary)","status":"passed","title":"passes when gross = net (boundary)","duration":0.19593799999995554,"failureMessages":[],"meta":{},"tags":[]},{"ancestorTitles":["rules/engine (P13)","math_check","gross_gte_net"],"fullName":"rules/engine (P13) math_check gross_gte_net handles mixed units (lbs vs kg) via conversion","status":"passed","title":"handles mixed units (lbs vs kg) via conversion","duration":0.0892809999999713,"failureMessages":[],"meta":{},"tags":[]},{"ancestorTitles":["rules/engine (P13)","math_check","gross_gte_net"],"fullName":"rules/engine (P13) math_check gross_gte_net passes when either weight field is missing (can't check)","status":"passed","title":"passes when either weight field is missing (can't check)","duration":0.06330299999996214,"failureMessages":[],"meta":{},"tags":[]},{"ancestorTitles":["rules/engine (P13)","math_check"],"fullName":"rules/engine (P13) math_check passes when check config is missing (no-op)","status":"passed","title":"passes when check config is missing (no-op)","duration":0.09082499999999527,"failureMessages":[],"meta":{},"tags":[]},{"ancestorTitles":["rules/engine (P13)","math_check"],"fullName":"rules/engine (P13) math_check passes for an unknown check name (no-op, default true)","status":"passed","title":"passes for an unknown check name (no-op, default true)","duration":0.07262699999995448,"failureMessages":[],"meta":{},"tags":[]},{"ancestorTitles":["rules/engine (P13)","cross_doc_match (global)"],"fullName":"rules/engine (P13) cross_doc_match (global) detects mismatch across two documents for the same field_key","status":"passed","title":"detects mismatch across two documents for the same field_key","duration":0.4816420000000221,"failureMessages":[],"meta":{},"tags":[]},{"ancestorTitles":["rules/engine (P13)","cross_doc_match (global)"],"fullName":"rules/engine (P13) cross_doc_match (global) passes when both documents agree on the value (case-insensitive)","status":"passed","title":"passes when both documents agree on the value (case-insensitive)","duration":0.15110700000002453,"failureMessages":[],"meta":{},"tags":[]},{"ancestorTitles":["rules/engine (P13)","cross_doc_match (global)"],"fullName":"rules/engine (P13) cross_doc_match (global) does not flag fields that appear in only one document","status":"passed","title":"does not flag fields that appear in only one document","duration":0.10449099999999589,"failureMessages":[],"meta":{},"tags":[]},{"ancestorTitles":["rules/engine (P13)","cross_doc_match (field-specific)"],"fullName":"rules/engine (P13) cross_doc_match (field-specific) passes when the field-specific value agrees across docs","status":"passed","title":"passes when the field-specific value agrees across docs","duration":0.28006600000003345,"failureMessages":[],"meta":{},"tags":[]},{"ancestorTitles":["rules/engine (P13)","cross_doc_match (field-specific)"],"fullName":"rules/engine (P13) cross_doc_match (field-specific) fails when the field-specific value disagrees across docs","status":"passed","title":"fails when the field-specific value disagrees across docs","duration":0.4108999999999696,"failureMessages":[],"meta":{},"tags":[]},{"ancestorTitles":["rules/engine (P13)","runRulesUpgraded"],"fullName":"rules/engine (P13) runRulesUpgraded produces structured results with decision_trace + dependencies","status":"passed","title":"produces structured results with decision_trace + dependencies","duration":0.77795100000003,"failureMessages":[],"meta":{},"tags":[]},{"ancestorTitles":["rules/engine (P13)","runRulesUpgraded"],"fullName":"rules/engine (P13) runRulesUpgraded required_field missing → structured fail with \"missing\" actual","status":"passed","title":"required_field missing → structured fail with \"missing\" actual","duration":0.25181300000002693,"failureMessages":[],"meta":{},"tags":[]},{"ancestorTitles":["rules/engine (P13)","edge cases"],"fullName":"rules/engine (P13) edge cases returns [] for empty rules array","status":"passed","title":"returns [] for empty rules array","duration":0.6185789999999542,"failureMessages":[],"meta":{},"tags":[]},{"ancestorTitles":["rules/engine (P13)","edge cases"],"fullName":"rules/engine (P13) edge cases returns [] for empty fields array","status":"passed","title":"returns [] for empty fields array","duration":0.13576700000004394,"failureMessages":[],"meta":{},"tags":[]},{"ancestorTitles":["rules/engine (P13)","edge cases"],"fullName":"rules/engine (P13) edge cases skips non-required rules when the field_key is absent","status":"passed","title":"skips non-required rules when the field_key is absent","duration":0.09661499999998568,"failureMessages":[],"meta":{},"tags":[]},{"ancestorTitles":["rules/engine (P13)","edge cases"],"fullName":"rules/engine (P13) edge cases runs multiple rules against multiple fields (matrix)","status":"passed","title":"runs multiple rules against multiple fields (matrix)","duration":0.19401099999998905,"failureMessages":[],"meta":{},"tags":[]}],"startTime":1784914096365,"endTime":1784914096400.194,"status":"passed","message":"","name":"/home/z/my-project/tests/unit-pure/04-rules-engine.test.ts"},{"assertionResults":[{"ancestorTitles":["regex extraction (P13)","full commercial invoice"],"fullName":"regex extraction (P13) full commercial invoice extracts the invoice number","status":"passed","title":"extracts the invoice number","duration":2.28513700000002,"failureMessages":[],"meta":{},"tags":[]},{"ancestorTitles":["regex extraction (P13)","full commercial invoice"],"fullName":"regex extraction (P13) full commercial invoice extracts the invoice date","status":"passed","title":"extracts the invoice date","duration":0.2863439999999855,"failureMessages":[],"meta":{},"tags":[]},{"ancestorTitles":["regex extraction (P13)","full commercial invoice"],"fullName":"regex extraction (P13) full commercial invoice extracts the shipper","status":"passed","title":"extracts the shipper","duration":0.3003219999999942,"failureMessages":[],"meta":{},"tags":[]},{"ancestorTitles":["regex extraction (P13)","full commercial invoice"],"fullName":"regex extraction (P13) full commercial invoice extracts the consignee","status":"passed","title":"extracts the consignee","duration":0.20243299999998499,"failureMessages":[],"meta":{},"tags":[]},{"ancestorTitles":["regex extraction (P13)","full commercial invoice"],"fullName":"regex extraction (P13) full commercial invoice extracts the declared value with currency symbol","status":"passed","title":"extracts the declared value with currency symbol","duration":0.29719199999999546,"failureMessages":[],"meta":{},"tags":[]},{"ancestorTitles":["regex extraction (P13)","full commercial invoice"],"fullName":"regex extraction (P13) full commercial invoice extracts the HTS code","status":"passed","title":"extracts the HTS code","duration":0.17336299999999483,"failureMessages":[],"meta":{},"tags":[]},{"ancestorTitles":["regex extraction (P13)","full commercial invoice"],"fullName":"regex extraction (P13) full commercial invoice extracts net weight","status":"passed","title":"extracts net weight","duration":0.23633599999999433,"failureMessages":[],"meta":{},"tags":[]},{"ancestorTitles":["regex extraction (P13)","full commercial invoice"],"fullName":"regex extraction (P13) full commercial invoice extracts gross weight","status":"passed","title":"extracts gross weight","duration":0.14735500000000457,"failureMessages":[],"meta":{},"tags":[]},{"ancestorTitles":["regex extraction (P13)","full commercial invoice"],"fullName":"regex extraction (P13) full commercial invoice extracts country of origin (2-letter code)","status":"passed","title":"extracts country of origin (2-letter code)","duration":0.7974510000000237,"failureMessages":[],"meta":{},"tags":[]},{"ancestorTitles":["regex extraction (P13)","full commercial invoice"],"fullName":"regex extraction (P13) full commercial invoice extracts carrier","status":"passed","title":"extracts carrier","duration":0.6977940000000444,"failureMessages":[],"meta":{},"tags":[]},{"ancestorTitles":["regex extraction (P13)","full commercial invoice"],"fullName":"regex extraction (P13) full commercial invoice extracts port of entry","status":"passed","title":"extracts port of entry","duration":0.3473470000000134,"failureMessages":[],"meta":{},"tags":[]},{"ancestorTitles":["regex extraction (P13)","full commercial invoice"],"fullName":"regex extraction (P13) full commercial invoice extracts at least 11 distinct fields","status":"passed","title":"extracts at least 11 distinct fields","duration":0.14779399999997622,"failureMessages":[],"meta":{},"tags":[]},{"ancestorTitles":["regex extraction (P13)","full commercial invoice"],"fullName":"regex extraction (P13) full commercial invoice every extracted field has the four required properties","status":"passed","title":"every extracted field has the four required properties","duration":1.2047100000000341,"failureMessages":[],"meta":{},"tags":[]},{"ancestorTitles":["regex extraction (P13)","sparse document (bare values, no labels)"],"fullName":"regex extraction (P13) sparse document (bare values, no labels) extracts the bare invoice number via the INV-XXX fallback","status":"passed","title":"extracts the bare invoice number via the INV-XXX fallback","duration":0.31362199999995255,"failureMessages":[],"meta":{},"tags":[]},{"ancestorTitles":["regex extraction (P13)","sparse document (bare values, no labels)"],"fullName":"regex extraction (P13) sparse document (bare values, no labels) extracts the bare currency value","status":"passed","title":"extracts the bare currency value","duration":0.14241699999996627,"failureMessages":[],"meta":{},"tags":[]},{"ancestorTitles":["regex extraction (P13)","sparse document (bare values, no labels)"],"fullName":"regex extraction (P13) sparse document (bare values, no labels) extracts the bare country code","status":"passed","title":"extracts the bare country code","duration":0.10875100000004068,"failureMessages":[],"meta":{},"tags":[]},{"ancestorTitles":["regex extraction (P13)","sparse document (bare values, no labels)"],"fullName":"regex extraction (P13) sparse document (bare values, no labels) extracts the bare weight","status":"passed","title":"extracts the bare weight","duration":0.0867879999999559,"failureMessages":[],"meta":{},"tags":[]},{"ancestorTitles":["regex extraction (P13)","sparse document (bare values, no labels)"],"fullName":"regex extraction (P13) sparse document (bare values, no labels) falls back to \"looks like a company name\" for shipper","status":"passed","title":"falls back to \"looks like a company name\" for shipper","duration":0.08128800000002911,"failureMessages":[],"meta":{},"tags":[]},{"ancestorTitles":["regex extraction (P13)","sparse document (bare values, no labels)"],"fullName":"regex extraction (P13) sparse document (bare values, no labels) extracts at least 4 fields despite the sparse input","status":"passed","title":"extracts at least 4 fields despite the sparse input","duration":0.05500000000000682,"failureMessages":[],"meta":{},"tags":[]},{"ancestorTitles":["regex extraction (P13)","German document with umlauts"],"fullName":"regex extraction (P13) German document with umlauts preserves \"ä\" in shipper name \"Präzisions GmbH\"","status":"passed","title":"preserves \"ä\" in shipper name \"Präzisions GmbH\"","duration":0.08186599999999089,"failureMessages":[],"meta":{},"tags":[]},{"ancestorTitles":["regex extraction (P13)","German document with umlauts"],"fullName":"regex extraction (P13) German document with umlauts preserves \"ß\" and \"ü\" in consignee address","status":"passed","title":"preserves \"ß\" and \"ü\" in consignee address","duration":0.06986200000000053,"failureMessages":[],"meta":{},"tags":[]},{"ancestorTitles":["regex extraction (P13)","German document with umlauts"],"fullName":"regex extraction (P13) German document with umlauts extracts EUR declared value","status":"passed","title":"extracts EUR declared value","duration":0.07155299999999443,"failureMessages":[],"meta":{},"tags":[]},{"ancestorTitles":["regex extraction (P13)","German document with umlauts"],"fullName":"regex extraction (P13) German document with umlauts extracts HTS code","status":"passed","title":"extracts HTS code","duration":0.05780600000002778,"failureMessages":[],"meta":{},"tags":[]},{"ancestorTitles":["regex extraction (P13)","German document with umlauts"],"fullName":"regex extraction (P13) German document with umlauts extracts net weight in kg","status":"passed","title":"extracts net weight in kg","duration":0.052615000000002965,"failureMessages":[],"meta":{},"tags":[]},{"ancestorTitles":["regex extraction (P13)","German document with umlauts"],"fullName":"regex extraction (P13) German document with umlauts extracts gross weight in kg","status":"passed","title":"extracts gross weight in kg","duration":0.052995000000009895,"failureMessages":[],"meta":{},"tags":[]},{"ancestorTitles":["regex extraction (P13)","German document with umlauts"],"fullName":"regex extraction (P13) German document with umlauts extracts country of origin DE","status":"passed","title":"extracts country of origin DE","duration":0.04857800000002044,"failureMessages":[],"meta":{},"tags":[]},{"ancestorTitles":["regex extraction (P13)","CSV (header-based)"],"fullName":"regex extraction (P13) CSV (header-based) parses all 5 columns","status":"passed","title":"parses all 5 columns","duration":0.053565999999989344,"failureMessages":[],"meta":{},"tags":[]},{"ancestorTitles":["regex extraction (P13)","CSV (header-based)"],"fullName":"regex extraction (P13) CSV (header-based) maps \"Invoice Number\" → invoiceNo","status":"passed","title":"maps \"Invoice Number\" → invoiceNo","duration":0.5019139999999993,"failureMessages":[],"meta":{},"tags":[]},{"ancestorTitles":["regex extraction (P13)","CSV (header-based)"],"fullName":"regex extraction (P13) CSV (header-based) maps \"Shipper\" → shipper","status":"passed","title":"maps \"Shipper\" → shipper","duration":0.19819200000000592,"failureMessages":[],"meta":{},"tags":[]},{"ancestorTitles":["regex extraction (P13)","CSV (header-based)"],"fullName":"regex extraction (P13) CSV (header-based) maps \"Total\" → declaredValue","status":"passed","title":"maps \"Total\" → declaredValue","duration":0.09833100000003014,"failureMessages":[],"meta":{},"tags":[]},{"ancestorTitles":["regex extraction (P13)","CSV (header-based)"],"fullName":"regex extraction (P13) CSV (header-based) maps \"HTS Code\" → htsCode","status":"passed","title":"maps \"HTS Code\" → htsCode","duration":0.09449599999999236,"failureMessages":[],"meta":{},"tags":[]},{"ancestorTitles":["regex extraction (P13)","CSV (header-based)"],"fullName":"regex extraction (P13) CSV (header-based) uses confidence=85 for CSV-sourced fields","status":"passed","title":"uses confidence=85 for CSV-sourced fields","duration":0.11045200000000932,"failureMessages":[],"meta":{},"tags":[]},{"ancestorTitles":["regex extraction (P13)","CSV (key-value)"],"fullName":"regex extraction (P13) CSV (key-value) parses 3 key-value rows (skips the non-matching Foo,Bar header)","status":"passed","title":"parses 3 key-value rows (skips the non-matching Foo,Bar header)","duration":0.08263700000003382,"failureMessages":[],"meta":{},"tags":[]},{"ancestorTitles":["regex extraction (P13)","CSV (key-value)"],"fullName":"regex extraction (P13) CSV (key-value) extracts invoiceNo from the second row","status":"passed","title":"extracts invoiceNo from the second row","duration":0.11456500000002734,"failureMessages":[],"meta":{},"tags":[]},{"ancestorTitles":["regex extraction (P13)","CSV (key-value)"],"fullName":"regex extraction (P13) CSV (key-value) extracts shipper","status":"passed","title":"extracts shipper","duration":0.08639300000004368,"failureMessages":[],"meta":{},"tags":[]},{"ancestorTitles":["regex extraction (P13)","CSV (key-value)"],"fullName":"regex extraction (P13) CSV (key-value) extracts declaredValue","status":"passed","title":"extracts declaredValue","duration":0.11014099999999871,"failureMessages":[],"meta":{},"tags":[]},{"ancestorTitles":["regex extraction (P13)","CSV (key-value)"],"fullName":"regex extraction (P13) CSV (key-value) uses confidence=80 for key-value CSV fields","status":"passed","title":"uses confidence=80 for key-value CSV fields","duration":0.10294599999997445,"failureMessages":[],"meta":{},"tags":[]},{"ancestorTitles":["regex extraction (P13)","empty / garbage input"],"fullName":"regex extraction (P13) empty / garbage input returns [] for empty string","status":"passed","title":"returns [] for empty string","duration":0.5119409999999789,"failureMessages":[],"meta":{},"tags":[]},{"ancestorTitles":["regex extraction (P13)","empty / garbage input"],"fullName":"regex extraction (P13) empty / garbage input returns [] for null","status":"passed","title":"returns [] for null","duration":0.10026600000003327,"failureMessages":[],"meta":{},"tags":[]},{"ancestorTitles":["regex extraction (P13)","empty / garbage input"],"fullName":"regex extraction (P13) empty / garbage input returns [] for undefined","status":"passed","title":"returns [] for undefined","duration":0.07201800000001413,"failureMessages":[],"meta":{},"tags":[]},{"ancestorTitles":["regex extraction (P13)","empty / garbage input"],"fullName":"regex extraction (P13) empty / garbage input returns [] (or a small set) for pure garbage with no recognizable patterns","status":"passed","title":"returns [] (or a small set) for pure garbage with no recognizable patterns","duration":1.073632000000032,"failureMessages":[],"meta":{},"tags":[]},{"ancestorTitles":["regex extraction (P13)","empty / garbage input"],"fullName":"regex extraction (P13) empty / garbage input handles a single-line invoice number with no other context","status":"passed","title":"handles a single-line invoice number with no other context","duration":0.28126600000001645,"failureMessages":[],"meta":{},"tags":[]},{"ancestorTitles":["regex extraction (P13)","empty / garbage input"],"fullName":"regex extraction (P13) empty / garbage input never throws on binary-ish / control-char input","status":"passed","title":"never throws on binary-ish / control-char input","duration":1.3093559999999798,"failureMessages":[],"meta":{},"tags":[]},{"ancestorTitles":["regex extraction (P13)","exposed helpers","parseCSV"],"fullName":"regex extraction (P13) exposed helpers parseCSV returns [] for empty input","status":"passed","title":"returns [] for empty input","duration":0.18559300000003986,"failureMessages":[],"meta":{},"tags":[]},{"ancestorTitles":["regex extraction (P13)","exposed helpers","parseCSV"],"fullName":"regex extraction (P13) exposed helpers parseCSV returns [] when no headers match known field keys","status":"passed","title":"returns [] when no headers match known field keys","duration":0.23976899999996704,"failureMessages":[],"meta":{},"tags":[]},{"ancestorTitles":["regex extraction (P13)","exposed helpers","parseCSV"],"fullName":"regex extraction (P13) exposed helpers parseCSV detects tab delimiter","status":"passed","title":"detects tab delimiter","duration":0.17291499999998905,"failureMessages":[],"meta":{},"tags":[]},{"ancestorTitles":["regex extraction (P13)","exposed helpers","parseCSV"],"fullName":"regex extraction (P13) exposed helpers parseCSV detects semicolon delimiter","status":"passed","title":"detects semicolon delimiter","duration":0.18605700000000525,"failureMessages":[],"meta":{},"tags":[]},{"ancestorTitles":["regex extraction (P13)","exposed helpers","parseCSV"],"fullName":"regex extraction (P13) exposed helpers parseCSV strips surrounding quotes from values","status":"passed","title":"strips surrounding quotes from values","duration":0.13571000000001732,"failureMessages":[],"meta":{},"tags":[]},{"ancestorTitles":["regex extraction (P13)","exposed helpers","parseTableRows"],"fullName":"regex extraction (P13) exposed helpers parseTableRows returns no line items for plain prose","status":"passed","title":"returns no line items for plain prose","duration":0.2873540000000503,"failureMessages":[],"meta":{},"tags":[]},{"ancestorTitles":["regex extraction (P13)","exposed helpers","parseTableRows"],"fullName":"regex extraction (P13) exposed helpers parseTableRows extracts a total line","status":"passed","title":"extracts a total line","duration":0.1068960000000061,"failureMessages":[],"meta":{},"tags":[]},{"ancestorTitles":["regex extraction (P13)","exposed helpers","parseTableRows"],"fullName":"regex extraction (P13) exposed helpers parseTableRows extracts \"Grand Total\" line","status":"passed","title":"extracts \"Grand Total\" line","duration":0.23674299999998993,"failureMessages":[],"meta":{},"tags":[]},{"ancestorTitles":["regex extraction (P13)","exposed helpers","parseTableRows"],"fullName":"regex extraction (P13) exposed helpers parseTableRows extracts a line item with description, qty, hts, value","status":"passed","title":"extracts a line item with description, qty, hts, value","duration":0.18738000000001875,"failureMessages":[],"meta":{},"tags":[]},{"ancestorTitles":["regex extraction (P13)","exposed helpers","parseTableRows"],"fullName":"regex extraction (P13) exposed helpers parseTableRows groups secondary lines (shipping/insurance) with the preceding item","status":"passed","title":"groups secondary lines (shipping/insurance) with the preceding item","duration":0.11148799999995163,"failureMessages":[],"meta":{},"tags":[]},{"ancestorTitles":["regex extraction (P13)","exposed helpers","normalizeUtf8"],"fullName":"regex extraction (P13) exposed helpers normalizeUtf8 returns both utf8 (preserved) and ascii (folded)","status":"passed","title":"returns both utf8 (preserved) and ascii (folded)","duration":0.19602300000002515,"failureMessages":[],"meta":{},"tags":[]},{"ancestorTitles":["regex extraction (P13)","exposed helpers","normalizeUtf8"],"fullName":"regex extraction (P13) exposed helpers normalizeUtf8 folds French accents to plain ASCII","status":"passed","title":"folds French accents to plain ASCII","duration":0.38440700000001016,"failureMessages":[],"meta":{},"tags":[]},{"ancestorTitles":["regex extraction (P13)","exposed helpers","normalizeUtf8"],"fullName":"regex extraction (P13) exposed helpers normalizeUtf8 folds Spanish ñ","status":"passed","title":"folds Spanish ñ","duration":0.16552300000000741,"failureMessages":[],"meta":{},"tags":[]},{"ancestorTitles":["regex extraction (P13)","exposed helpers","normalizeUtf8"],"fullName":"regex extraction (P13) exposed helpers normalizeUtf8 strips non-ASCII chars that have no fold rule","status":"passed","title":"strips non-ASCII chars that have no fold rule","duration":0.08596899999997731,"failureMessages":[],"meta":{},"tags":[]},{"ancestorTitles":["regex extraction (P13)","exposed helpers","normalizeUtf8"],"fullName":"regex extraction (P13) exposed helpers normalizeUtf8 trims surrounding whitespace","status":"passed","title":"trims surrounding whitespace","duration":0.06925000000001091,"failureMessages":[],"meta":{},"tags":[]},{"ancestorTitles":["regex extraction (P13)","exposed helpers","FIELD_DEFINITIONS"],"fullName":"regex extraction (P13) exposed helpers FIELD_DEFINITIONS defines all the field keys used by the extractor","status":"passed","title":"defines all the field keys used by the extractor","duration":0.5276430000000119,"failureMessages":[],"meta":{},"tags":[]},{"ancestorTitles":["regex extraction (P13)","exposed helpers","FIELD_DEFINITIONS"],"fullName":"regex extraction (P13) exposed helpers FIELD_DEFINITIONS every definition has a non-empty label","status":"passed","title":"every definition has a non-empty label","duration":0.9450739999999769,"failureMessages":[],"meta":{},"tags":[]}],"startTime":1784914094629,"endTime":1784914094648.945,"status":"passed","message":"","name":"/home/z/my-project/tests/unit-pure/05-regex-extraction.test.ts"},{"assertionResults":[{"ancestorTitles":["updateShipment() — validation_status allowlist regression (§5)"],"fullName":"updateShipment() — validation_status allowlist regression (§5) passes validation_status through to the DB patch object","status":"passed","title":"passes validation_status through to the DB patch object","duration":22.000811999999996,"failureMessages":[],"meta":{},"tags":[]},{"ancestorTitles":["updateShipment() — validation_status allowlist regression (§5)"],"fullName":"updateShipment() — validation_status allowlist regression (§5) passes last_validated_at through to the DB patch object","status":"passed","title":"passes last_validated_at through to the DB patch object","duration":9.10137199999997,"failureMessages":[],"meta":{},"tags":[]},{"ancestorTitles":["updateShipment() — validation_status allowlist regression (§5)"],"fullName":"updateShipment() — validation_status allowlist regression (§5) passes pipeline_trace_id through to the DB patch object","status":"passed","title":"passes pipeline_trace_id through to the DB patch object","duration":0.34164099999998143,"failureMessages":[],"meta":{},"tags":[]},{"ancestorTitles":["updateShipment() — validation_status allowlist regression (§5)"],"fullName":"updateShipment() — validation_status allowlist regression (§5) passes all three validation fields through simultaneously","status":"passed","title":"passes all three validation fields through simultaneously","duration":0.4045260000000326,"failureMessages":[],"meta":{},"tags":[]},{"ancestorTitles":["updateShipment() — validation_status allowlist regression (§5)"],"fullName":"updateShipment() — validation_status allowlist regression (§5) strips unknown fields NOT in the allowlist (defense in depth)","status":"passed","title":"strips unknown fields NOT in the allowlist (defense in depth)","duration":0.5144740000000638,"failureMessages":[],"meta":{},"tags":[]},{"ancestorTitles":["updateShipment() — validation_status allowlist regression (§5)"],"fullName":"updateShipment() — validation_status allowlist regression (§5) adds updated_at timestamp to every patch","status":"passed","title":"adds updated_at timestamp to every patch","duration":0.3385279999999966,"failureMessages":[],"meta":{},"tags":[]},{"ancestorTitles":["updateShipment() — validation_status allowlist regression (§5)"],"fullName":"updateShipment() — validation_status allowlist regression (§5) returns the updated shipment row from the DB","status":"passed","title":"returns the updated shipment row from the DB","duration":0.21395700000005036,"failureMessages":[],"meta":{},"tags":[]}],"startTime":1784914098402,"endTime":1784914098435.2139,"status":"passed","message":"","name":"/home/z/my-project/tests/unit-pure/06-validation-status-service-layer.test.ts"},{"assertionResults":[{"ancestorTitles":["isDemoMode()"],"fullName":"isDemoMode() returns a boolean (the value is determined by NEXT_PUBLIC_DEMO_MODE at module load)","status":"passed","title":"returns a boolean (the value is determined by NEXT_PUBLIC_DEMO_MODE at module load)","duration":1.5687179999999898,"failureMessages":[],"meta":{},"tags":[]},{"ancestorTitles":["isDemoMode()"],"fullName":"isDemoMode() defaults to false when NEXT_PUBLIC_DEMO_MODE is unset (production behavior)","status":"passed","title":"defaults to false when NEXT_PUBLIC_DEMO_MODE is unset (production behavior)","duration":0.19253099999991719,"failureMessages":[],"meta":{},"tags":[]},{"ancestorTitles":["ensureAuthenticated() demo-mode gating (regression guard)"],"fullName":"ensureAuthenticated() demo-mode gating (regression guard) gates signInAnonymously behind a DEMO_MODE check in the source","status":"passed","title":"gates signInAnonymously behind a DEMO_MODE check in the source","duration":0.9815580000001773,"failureMessages":[],"meta":{},"tags":[]},{"ancestorTitles":["decideInviteAction() — invite redirect decision logic"],"fullName":"decideInviteAction() — invite redirect decision logic returns error when no token is provided","status":"passed","title":"returns error when no token is provided","duration":0.21924600000011196,"failureMessages":[],"meta":{},"tags":[]},{"ancestorTitles":["decideInviteAction() — invite redirect decision logic"],"fullName":"decideInviteAction() — invite redirect decision logic returns error when token is empty string","status":"passed","title":"returns error when token is empty string","duration":0.11448899999982132,"failureMessages":[],"meta":{},"tags":[]},{"ancestorTitles":["decideInviteAction() — invite redirect decision logic"],"fullName":"decideInviteAction() — invite redirect decision logic returns needs_auth when token + no session + not demo mode","status":"passed","title":"returns needs_auth when token + no session + not demo mode","duration":0.301817999999912,"failureMessages":[],"meta":{},"tags":[]},{"ancestorTitles":["decideInviteAction() — invite redirect decision logic"],"fullName":"decideInviteAction() — invite redirect decision logic returns accept when token + session exists (logged in)","status":"passed","title":"returns accept when token + session exists (logged in)","duration":0.13520000000016807,"failureMessages":[],"meta":{},"tags":[]},{"ancestorTitles":["decideInviteAction() — invite redirect decision logic"],"fullName":"decideInviteAction() — invite redirect decision logic returns accept when token + demo mode (even without session)","status":"passed","title":"returns accept when token + demo mode (even without session)","duration":0.09365899999988869,"failureMessages":[],"meta":{},"tags":[]},{"ancestorTitles":["decideInviteAction() — invite redirect decision logic"],"fullName":"decideInviteAction() — invite redirect decision logic returns accept when token + session + demo mode (all true)","status":"passed","title":"returns accept when token + session + demo mode (all true)","duration":0.11056299999995645,"failureMessages":[],"meta":{},"tags":[]},{"ancestorTitles":["decideInviteAction() — invite redirect decision logic"],"fullName":"decideInviteAction() — invite redirect decision logic properly encodes the invite token in the signup URL","status":"passed","title":"properly encodes the invite token in the signup URL","duration":0.2252250000001368,"failureMessages":[],"meta":{},"tags":[]},{"ancestorTitles":["apiFetch() 401 handling"],"fullName":"apiFetch() 401 handling redirects to /login when API returns 401","status":"passed","title":"redirects to /login when API returns 401","duration":4.885335999999825,"failureMessages":[],"meta":{},"tags":[]},{"ancestorTitles":["apiFetch() 401 handling"],"fullName":"apiFetch() 401 handling still throws an Error on 401 (so calling code with error handling works)","status":"passed","title":"still throws an Error on 401 (so calling code with error handling works)","duration":1.1239389999998366,"failureMessages":[],"meta":{},"tags":[]},{"ancestorTitles":["apiFetch() 401 handling"],"fullName":"apiFetch() 401 handling does NOT redirect on non-401 errors (e.g. 500)","status":"passed","title":"does NOT redirect on non-401 errors (e.g. 500)","duration":1.3947749999999814,"failureMessages":[],"meta":{},"tags":[]},{"ancestorTitles":["redirectToLogin()"],"fullName":"redirectToLogin() sets window.location.href to /login with redirect param","status":"passed","title":"sets window.location.href to /login with redirect param","duration":0.7501179999999295,"failureMessages":[],"meta":{},"tags":[]},{"ancestorTitles":["redirectToLogin()"],"fullName":"redirectToLogin() includes the reason in the console.warn output","status":"passed","title":"includes the reason in the console.warn output","duration":2.2646210000000337,"failureMessages":[],"meta":{},"tags":[]},{"ancestorTitles":["SIGNED_OUT public-route guard"],"fullName":"SIGNED_OUT public-route guard does not redirect when already on /login","status":"passed","title":"does not redirect when already on /login","duration":0.19669499999986328,"failureMessages":[],"meta":{},"tags":[]},{"ancestorTitles":["SIGNED_OUT public-route guard"],"fullName":"SIGNED_OUT public-route guard redirects when on a protected route","status":"passed","title":"redirects when on a protected route","duration":0.10319500000014159,"failureMessages":[],"meta":{},"tags":[]}],"startTime":1784914096097,"endTime":1784914096113.1033,"status":"passed","message":"","name":"/home/z/my-project/tests/unit-pure/07-auth-system.test.ts"},{"assertionResults":[{"ancestorTitles":["update-exception edge function (§2 — audit identity spoofing fix)"],"fullName":"update-exception edge function (§2 — audit identity spoofing fix) does NOT destructure resolvedBy from the request body","status":"passed","title":"does NOT destructure resolvedBy from the request body","duration":1.6767079999999908,"failureMessages":[],"meta":{},"tags":[]},{"ancestorTitles":["update-exception edge function (§2 — audit identity spoofing fix)"],"fullName":"update-exception edge function (§2 — audit identity spoofing fix) derives the resolver from the server-verified user identity","status":"passed","title":"derives the resolver from the server-verified user identity","duration":0.29905000000002246,"failureMessages":[],"meta":{},"tags":[]},{"ancestorTitles":["update-exception edge function (§2 — audit identity spoofing fix)"],"fullName":"update-exception edge function (§2 — audit identity spoofing fix) does NOT contain the old vulnerable pattern (typeof resolvedBy === \"string\")","status":"passed","title":"does NOT contain the old vulnerable pattern (typeof resolvedBy === \"string\")","duration":0.449483999999984,"failureMessages":[],"meta":{},"tags":[]},{"ancestorTitles":["update-exception edge function (§2 — audit identity spoofing fix)"],"fullName":"update-exception edge function (§2 — audit identity spoofing fix) uses the server-verified resolver for resolved_by, history, and audit log","status":"passed","title":"uses the server-verified resolver for resolved_by, history, and audit log","duration":0.16825000000000045,"failureMessages":[],"meta":{},"tags":[]},{"ancestorTitles":["update-exception edge function (§2 — audit identity spoofing fix)"],"fullName":"update-exception edge function (§2 — audit identity spoofing fix) the input doc comment no longer lists resolvedBy as an accepted field","status":"passed","title":"the input doc comment no longer lists resolvedBy as an accepted field","duration":0.3112769999999898,"failureMessages":[],"meta":{},"tags":[]},{"ancestorTitles":["API route (exceptions/[id]/route.ts) — server-verified identity"],"fullName":"API route (exceptions/[id]/route.ts) — server-verified identity passes getUserEmail(user) as resolvedBy, NOT client input","status":"passed","title":"passes getUserEmail(user) as resolvedBy, NOT client input","duration":0.22276800000000208,"failureMessages":[],"meta":{},"tags":[]},{"ancestorTitles":["API route (exceptions/[id]/route.ts) — server-verified identity"],"fullName":"API route (exceptions/[id]/route.ts) — server-verified identity the validator does not accept resolvedBy from the client","status":"passed","title":"the validator does not accept resolvedBy from the client","duration":0.4010330000000124,"failureMessages":[],"meta":{},"tags":[]},{"ancestorTitles":["service layer (exception.service.ts) — resolvedBy contract"],"fullName":"service layer (exception.service.ts) — resolvedBy contract accepts resolvedBy as a parameter (from the server-verified API route)","status":"passed","title":"accepts resolvedBy as a parameter (from the server-verified API route)","duration":0.14014399999999227,"failureMessages":[],"meta":{},"tags":[]},{"ancestorTitles":["service layer (exception.service.ts) — resolvedBy contract"],"fullName":"service layer (exception.service.ts) — resolvedBy contract uses resolvedBy for resolved_by, history user, and audit log text","status":"passed","title":"uses resolvedBy for resolved_by, history user, and audit log text","duration":0.49437800000001175,"failureMessages":[],"meta":{},"tags":[]}],"startTime":1784914097755,"endTime":1784914097762.4944,"status":"passed","message":"","name":"/home/z/my-project/tests/unit-pure/08-audit-identity-spoofing.test.ts"}]}