{"numTotalTestSuites":9,"numPassedTestSuites":9,"numFailedTestSuites":0,"numPendingTestSuites":0,"numTotalTests":12,"numPassedTests":12,"numFailedTests":0,"numPendingTests":0,"numTodoTests":0,"snapshot":{"added":0,"failure":false,"filesAdded":0,"filesRemoved":0,"filesRemovedList":[],"filesUnmatched":0,"filesUpdated":0,"matched":0,"total":0,"unchecked":0,"uncheckedKeysByFile":[],"unmatched":0,"updated":0,"didUpdate":false},"startTime":1784186940814,"success":true,"testResults":[{"assertionResults":[{"ancestorTitles":["Section 5: Performance + Observability","5.1 API Latency Benchmark"],"fullName":"Section 5: Performance + Observability 5.1 API Latency Benchmark GET /api/shipments p95 < 300ms (SLA)","status":"passed","title":"GET /api/shipments p95 < 300ms (SLA)","duration":14883.086952,"failureMessages":[],"meta":{},"tags":[]},{"ancestorTitles":["Section 5: Performance + Observability","5.1 API Latency Benchmark"],"fullName":"Section 5: Performance + Observability 5.1 API Latency Benchmark POST /api/shipments p95 < sandbox SLA","status":"passed","title":"POST /api/shipments p95 < sandbox SLA","duration":7668.489974000002,"failureMessages":[],"meta":{},"tags":[]},{"ancestorTitles":["Section 5: Performance + Observability","5.2 Concurrent Load Test"],"fullName":"Section 5: Performance + Observability 5.2 Concurrent Load Test 10 concurrent GET requests — no data leakage, no crash","status":"passed","title":"10 concurrent GET requests — no data leakage, no crash","duration":1306.454770999997,"failureMessages":[],"meta":{},"tags":[]},{"ancestorTitles":["Section 5: Performance + Observability","5.3 Error Rate"],"fullName":"Section 5: Performance + Observability 5.3 Error Rate error rate < 1% for sequential reads (SLA)","status":"passed","title":"error rate < 1% for sequential reads (SLA)","duration":24936.356985999995,"failureMessages":[],"meta":{},"tags":[]},{"ancestorTitles":["Section 5: Performance + Observability","5.4 Audit Log Integrity"],"fullName":"Section 5: Performance + Observability 5.4 Audit Log Integrity create shipment → audit log entry exists","status":"passed","title":"create shipment → audit log entry exists","duration":1465.0114130000002,"failureMessages":[],"meta":{},"tags":[]},{"ancestorTitles":["Section 5: Performance + Observability","5.4 Audit Log Integrity"],"fullName":"Section 5: Performance + Observability 5.4 Audit Log Integrity audit logs have required fields (timestamp, type, text)","status":"passed","title":"audit logs have required fields (timestamp, type, text)","duration":734.2529100000029,"failureMessages":[],"meta":{},"tags":[]},{"ancestorTitles":["Section 5: Performance + Observability","5.4 Audit Log Integrity"],"fullName":"Section 5: Performance + Observability 5.4 Audit Log Integrity audit logs can be filtered by type","status":"passed","title":"audit logs can be filtered by type","duration":722.9134760000015,"failureMessages":[],"meta":{},"tags":[]},{"ancestorTitles":["Section 5: Performance + Observability","5.4 Audit Log Integrity"],"fullName":"Section 5: Performance + Observability 5.4 Audit Log Integrity audit logs can be filtered by date range","status":"passed","title":"audit logs can be filtered by date range","duration":738.2044769999993,"failureMessages":[],"meta":{},"tags":[]},{"ancestorTitles":["Section 5: Performance + Observability","5.5 Structured Logging"],"fullName":"Section 5: Performance + Observability 5.5 Structured Logging API response includes structured error on failure","status":"passed","title":"API response includes structured error on failure","duration":19.86222799999814,"failureMessages":[],"meta":{},"tags":[]},{"ancestorTitles":["Section 5: Performance + Observability","5.5 Structured Logging"],"fullName":"Section 5: Performance + Observability 5.5 Structured Logging invalid input returns structured error (not 500 crash)","status":"passed","title":"invalid input returns structured error (not 500 crash)","duration":559.5730619999958,"failureMessages":[],"meta":{},"tags":[]},{"ancestorTitles":["Section 5: Performance + Observability","5.6 Extraction Fallback"],"fullName":"Section 5: Performance + Observability 5.6 Extraction Fallback regex fallback produces results when Gemini is unavailable","status":"passed","title":"regex fallback produces results when Gemini is unavailable","duration":7550.973474999999,"failureMessages":[],"meta":{},"tags":[]},{"ancestorTitles":["Section 5: Performance + Observability","5.7 Metrics Summary"],"fullName":"Section 5: Performance + Observability 5.7 Metrics Summary produces a performance summary report","status":"passed","title":"produces a performance summary report","duration":1.1405659999945783,"failureMessages":[],"meta":{},"tags":[]}],"startTime":1784186941655,"endTime":1784187002243.1406,"status":"passed","message":"","name":"/home/z/my-project/tests/unit/05-performance.test.ts"}]}